<?xml version="1.0" encoding="UTF-8"?>
<testsuite name="com.zoe.basisKotlinApplicatie.controller.PlayerControllerTest" tests="1" skipped="0" failures="0" errors="0" timestamp="2018-10-17T11:49:55" hostname="Zoes-MacBook-Pro.local" time="0.074">
  <properties/>
  <testcase name="postPlayerScoreTest" classname="com.zoe.basisKotlinApplicatie.controller.PlayerControllerTest" time="0.074"/>
  <system-out><![CDATA[2018-10-17 13:49:55.295  INFO 34187 --- [    Test worker] .b.t.c.SpringBootTestContextBootstrapper : Neither @ContextConfiguration nor @ContextHierarchy found for test class [com.zoe.basisKotlinApplicatie.controller.PlayerControllerTest], using SpringBootContextLoader
2018-10-17 13:49:55.297  INFO 34187 --- [    Test worker] o.s.t.c.support.AbstractContextLoader    : Could not detect default resource locations for test class [com.zoe.basisKotlinApplicatie.controller.PlayerControllerTest]: no resource found for suffixes {-context.xml, Context.groovy}.
2018-10-17 13:49:55.298  INFO 34187 --- [    Test worker] t.c.s.AnnotationConfigContextLoaderUtils : Could not detect default configuration classes for test class [com.zoe.basisKotlinApplicatie.controller.PlayerControllerTest]: PlayerControllerTest does not declare any static, non-private, non-final, nested classes annotated with @Configuration.
2018-10-17 13:49:55.303  INFO 34187 --- [    Test worker] .b.t.c.SpringBootTestContextBootstrapper : Found @SpringBootConfiguration com.zoe.basisKotlinApplicatie.BasisKotlinApplicatieApplication for test class com.zoe.basisKotlinApplicatie.controller.PlayerControllerTest
2018-10-17 13:49:55.305  INFO 34187 --- [    Test worker] .b.t.c.SpringBootTestContextBootstrapper : Loaded default TestExecutionListener class names from location [META-INF/spring.factories]: [org.springframework.boot.test.autoconfigure.restdocs.RestDocsTestExecutionListener, org.springframework.boot.test.autoconfigure.web.client.MockRestServiceServerResetTestExecutionListener, org.springframework.boot.test.autoconfigure.web.servlet.MockMvcPrintOnlyOnFailureTestExecutionListener, org.springframework.boot.test.autoconfigure.web.servlet.WebDriverTestExecutionListener, org.springframework.boot.test.mock.mockito.MockitoTestExecutionListener, org.springframework.boot.test.mock.mockito.ResetMocksTestExecutionListener, org.springframework.test.context.web.ServletTestExecutionListener, org.springframework.test.context.support.DirtiesContextBeforeModesTestExecutionListener, org.springframework.test.context.support.DependencyInjectionTestExecutionListener, org.springframework.test.context.support.DirtiesContextTestExecutionListener, org.springframework.test.context.transaction.TransactionalTestExecutionListener, org.springframework.test.context.jdbc.SqlScriptsTestExecutionListener]
2018-10-17 13:49:55.306  INFO 34187 --- [    Test worker] .b.t.c.SpringBootTestContextBootstrapper : Using TestExecutionListeners: [org.springframework.test.context.web.ServletTestExecutionListener@c3389c0, org.springframework.test.context.support.DirtiesContextBeforeModesTestExecutionListener@6223a5b4, org.springframework.boot.test.mock.mockito.MockitoTestExecutionListener@da4bc82, org.springframework.boot.test.autoconfigure.SpringBootDependencyInjectionTestExecutionListener@222f5abc, org.springframework.test.context.support.DirtiesContextTestExecutionListener@3242aab0, org.springframework.test.context.transaction.TransactionalTestExecutionListener@4d33a749, org.springframework.test.context.jdbc.SqlScriptsTestExecutionListener@655b42c1, org.springframework.boot.test.autoconfigure.restdocs.RestDocsTestExecutionListener@3df90e6c, org.springframework.boot.test.autoconfigure.web.client.MockRestServiceServerResetTestExecutionListener@1ac93449, org.springframework.boot.test.autoconfigure.web.servlet.MockMvcPrintOnlyOnFailureTestExecutionListener@4a10d1b6, org.springframework.boot.test.autoconfigure.web.servlet.WebDriverTestExecutionListener@75e2cf7f, org.springframework.boot.test.mock.mockito.ResetMocksTestExecutionListener@9d25c1]
2018-10-17 13:49:55.341  INFO 34187 --- [    Test worker] c.z.b.controller.PlayerControllerTest    : Begin postPlayerScoreTest
2018-10-17 13:49:55.405  INFO 34187 --- [    Test worker] c.z.b.controller.PlayerControllerTest    : End postPlayerScoreTest
]]></system-out>
  <system-err><![CDATA[]]></system-err>
</testsuite>
